<?xml version="1.0" encoding="UTF-8"?>
<!-- Generated by org.testng.reporters.JUnitXMLReporter -->
<testsuite hostname="RajeshYarlagadd" ignored="0" name="Command line test" tests="0" failures="0" timestamp="2021-05-13T18:20:39 IST" time="0.586" errors="0">
  <testcase name="@BeforeClass setUpClass" time="0.495" classname="io.cucumber.testng.AbstractTestNGCucumberTests">
    <failure type="java.lang.IllegalArgumentException" message="Couldn&amp;apos;t create a file output stream for &amp;apos;target\HtmlReports&amp;apos;.
Make sure the the file isn&amp;apos;t a directory.

Note: This usually happens when plugins write to colliding paths.
For example: &amp;apos;json:target/cucumber/report.json, html:target/cucumber&amp;apos;
You can fix this by making the paths do no collide.
For example: &amp;apos;json:target/cucumber/report.json, html:target/cucumber/report.html&amp;apos;
The details are in the stack trace below:">
      <![CDATA[java.lang.IllegalArgumentException: Couldn't create a file output stream for 'target\HtmlReports'.
Make sure the the file isn't a directory.

Note: This usually happens when plugins write to colliding paths.
For example: 'json:target/cucumber/report.json, html:target/cucumber'
You can fix this by making the paths do no collide.
For example: 'json:target/cucumber/report.json, html:target/cucumber/report.html'
The details are in the stack trace below:
at io.cucumber.core.plugin.PluginFactory.createFileOutputStream(PluginFactory.java:240)
at io.cucumber.core.plugin.PluginFactory.openStream(PluginFactory.java:199)
at io.cucumber.core.plugin.PluginFactory.convert(PluginFactory.java:166)
at io.cucumber.core.plugin.PluginFactory.instantiate(PluginFactory.java:99)
at io.cucumber.core.plugin.PluginFactory.create(PluginFactory.java:63)
at io.cucumber.core.plugin.Plugins.createPlugins(Plugins.java:32)
at io.cucumber.core.plugin.Plugins.<init>(Plugins.java:25)
at io.cucumber.testng.TestNGCucumberRunner.<init>(TestNGCucumberRunner.java:92)
at io.cucumber.testng.AbstractTestNGCucumberTests.setUpClass(AbstractTestNGCucumberTests.java:23)
at java.util.ArrayList.forEach(Unknown Source)
Caused by: java.io.FileNotFoundException: target\HtmlReports (Access is denied)
at java.io.FileOutputStream.open0(Native Method)
at java.io.FileOutputStream.open(Unknown Source)
at java.io.FileOutputStream.<init>(Unknown Source)
at java.io.FileOutputStream.<init>(Unknown Source)
at io.cucumber.core.plugin.PluginFactory.createFileOutputStream(PluginFactory.java:237)
... 43 more
... Removed 34 stack frames]]>
    </failure>
  </testcase> <!-- @BeforeClass setUpClass -->
</testsuite> <!-- Command line test -->
