<?xml version="1.0" encoding="UTF-8" ?>
<testsuite tests="1" failures="1" name="com.massmutualtest.tests.TestRunner" time="3.602" errors="0" skipped="0">
  <properties>
[...]
</properties>
  <testcase classname="com.massmutualtest.tests.TestRunner" name="setUpClass" time="3.602">
    <failure message="Couldn&apos;t create a file output stream for &apos;target\HtmlReports&apos;.
Make sure the the file isn&apos;t a directory.

Note: This usually happens when plugins write to colliding paths.
For example: &apos;json:target/cucumber/report.json, html:target/cucumber&apos;
You can fix this by making the paths do no collide.
For example: &apos;json:target/cucumber/report.json, html:target/cucumber/report.html&apos;
The details are in the stack trace below:" type="java.lang.IllegalArgumentException">java.lang.IllegalArgumentException: Couldn&apos;t create a file output stream for &apos;target\HtmlReports&apos;.
Make sure the the file isn&apos;t a directory.
Note: This usually happens when plugins write to colliding paths.
For example: &apos;json:target/cucumber/report.json, html:target/cucumber&apos;
You can fix this by making the paths do no collide.
For example: &apos;json:target/cucumber/report.json, html:target/cucumber/report.html&apos;
The details are in the stack trace below:
	at io.cucumber.core.plugin.PluginFactory.createFileOutputStream(PluginFactory.java:240)
	at io.cucumber.core.plugin.PluginFactory.openStream(PluginFactory.java:199)
	at io.cucumber.core.plugin.PluginFactory.convert(PluginFactory.java:166)
	at io.cucumber.core.plugin.PluginFactory.instantiate(PluginFactory.java:99)
	at io.cucumber.core.plugin.PluginFactory.create(PluginFactory.java:63)
	at io.cucumber.core.plugin.Plugins.createPlugins(Plugins.java:32)
	at io.cucumber.core.plugin.Plugins.&lt;init&gt;(Plugins.java:25)
	at io.cucumber.testng.TestNGCucumberRunner.&lt;init&gt;(TestNGCucumberRunner.java:92)
	at io.cucumber.testng.AbstractTestNGCucumberTests.setUpClass(AbstractTestNGCucumberTests.java:23)
	at sun.reflect.NativeMethodAccessorImpl.invoke0(Native Method)
	at sun.reflect.NativeMethodAccessorImpl.invoke(Unknown Source)
	at sun.reflect.DelegatingMethodAccessorImpl.invoke(Unknown Source)
	at java.lang.reflect.Method.invoke(Unknown Source)
	at org.testng.internal.MethodInvocationHelper.invokeMethod(MethodInvocationHelper.java:133)
	at org.testng.internal.MethodInvocationHelper.invokeMethodConsideringTimeout(MethodInvocationHelper.java:62)
	at org.testng.internal.ConfigInvoker.invokeConfigurationMethod(ConfigInvoker.java:385)
	at org.testng.internal.ConfigInvoker.invokeConfigurations(ConfigInvoker.java:321)
	at org.testng.internal.TestMethodWorker.invokeBeforeClassMethods(TestMethodWorker.java:176)
	at org.testng.internal.TestMethodWorker.run(TestMethodWorker.java:122)
	at java.util.ArrayList.forEach(Unknown Source)
	at org.testng.TestRunner.privateRun(TestRunner.java:794)
	at org.testng.TestRunner.run(TestRunner.java:596)
	at org.testng.SuiteRunner.runTest(SuiteRunner.java:377)
	at org.testng.SuiteRunner.runSequentially(SuiteRunner.java:371)
	at org.testng.SuiteRunner.privateRun(SuiteRunner.java:332)
	at org.testng.SuiteRunner.run(SuiteRunner.java:276)
	at org.testng.SuiteRunnerWorker.runSuite(SuiteRunnerWorker.java:53)
	at org.testng.SuiteRunnerWorker.run(SuiteRunnerWorker.java:96)
	at org.testng.TestNG.runSuitesSequentially(TestNG.java:1212)
	at org.testng.TestNG.runSuitesLocally(TestNG.java:1134)
	at org.testng.TestNG.runSuites(TestNG.java:1063)
	at org.testng.TestNG.run(TestNG.java:1031)
	at org.apache.maven.surefire.testng.TestNGExecutor.run(TestNGExecutor.java:77)
	at org.apache.maven.surefire.testng.TestNGDirectoryTestSuite.execute(TestNGDirectoryTestSuite.java:110)
	at org.apache.maven.surefire.testng.TestNGProvider.invoke(TestNGProvider.java:106)
	at sun.reflect.NativeMethodAccessorImpl.invoke0(Native Method)
	at sun.reflect.NativeMethodAccessorImpl.invoke(Unknown Source)
	at sun.reflect.DelegatingMethodAccessorImpl.invoke(Unknown Source)
	at java.lang.reflect.Method.invoke(Unknown Source)
	at org.apache.maven.surefire.util.ReflectionUtils.invokeMethodWithArray(ReflectionUtils.java:189)
	at org.apache.maven.surefire.booter.ProviderFactory$ProviderProxy.invoke(ProviderFactory.java:165)
	at org.apache.maven.surefire.booter.ProviderFactory.invokeProvider(ProviderFactory.java:85)
	at org.apache.maven.surefire.booter.ForkedBooter.runSuitesInProcess(ForkedBooter.java:115)
	at org.apache.maven.surefire.booter.ForkedBooter.main(ForkedBooter.java:75)
Caused by: java.io.FileNotFoundException: target\HtmlReports (Access is denied)
	at java.io.FileOutputStream.open0(Native Method)
	at java.io.FileOutputStream.open(Unknown Source)
	at java.io.FileOutputStream.&lt;init&gt;(Unknown Source)
	at java.io.FileOutputStream.&lt;init&gt;(Unknown Source)
	at io.cucumber.core.plugin.PluginFactory.createFileOutputStream(PluginFactory.java:237)
	... 43 more
Caused by: java.io.FileNotFoundException: target\HtmlReports (Access is denied)
	at java.io.FileOutputStream.open0(Native Method)
	at java.io.FileOutputStream.open(Unknown Source)
	at java.io.FileOutputStream.&lt;init&gt;(Unknown Source)
	at java.io.FileOutputStream.&lt;init&gt;(Unknown Source)
	at io.cucumber.core.plugin.PluginFactory.createFileOutputStream(PluginFactory.java:237)
	... 43 more
</failure>
    <system-out>Configuring TestNG with: org.apache.maven.surefire.testng.conf.TestNG652Configurator@6842775d
</system-out>
  </testcase>
</testsuite>